<?xml version="1.0" encoding="UTF-8"?>
<!-- Generated by org.testng.reporters.JUnitReportReporter -->
<testsuite hostname="Deepinders-MacBook-Air.local" failures="0" tests="5" name="swaglab_test.LoginTest" time="113.636" errors="0" timestamp="21 June 2025 11:33:49 GMT" skipped="0">
  <testcase classname="swaglab_test.LoginTest" name="LoginFailureTestFromExcel" time="13.408"/>
  <testcase classname="swaglab_test.LoginTest" name="LoginFailureTestFromProperties" time="13.120"/>
  <testcase classname="swaglab_test.LoginTest" name="LockedUserLoginfailureTest" time="12.663"/>
  <testcase classname="swaglab_test.LoginTest" name="LoginSuccessTest" time="13.228"/>
  <testcase classname="swaglab_test.LoginTest" name="LoginFailureTest" time="61.217"/>
</testsuite> <!-- swaglab_test.LoginTest -->
