<?xml version="1.0" encoding="UTF-8"?>
<!-- Generated by org.testng.reporters.JUnitReportReporter -->
<testsuite hostname="Deepinders-MacBook-Air.local" failures="0" tests="1" name="testng.AnnotationsExample2" time="0.005" errors="0" timestamp="18 Apr 2025 10:20:55 GMT" skipped="0">
  <testcase classname="testng.AnnotationsExample2" name="test3" time="0.005"/>
</testsuite> <!-- testng.AnnotationsExample2 -->
