<?xml version="1.0" encoding="UTF-8"?>
<!-- Generated by org.testng.reporters.JUnitReportReporter -->
<testsuite hostname="Deepinders-MacBook-Air.local" failures="0" tests="2" name="testng.AnotatiionsExample2" time="0.027" errors="0" timestamp="18 Apr 2025 09:55:48 GMT" skipped="0">
  <testcase classname="testng.AnotatiionsExample2" name="test4" time="0.006"/>
  <testcase classname="testng.AnotatiionsExample2" name="test3" time="0.021"/>
</testsuite> <!-- testng.AnotatiionsExample2 -->
