<?xml version="1.0" encoding="UTF-8"?>
<!-- Generated by org.testng.reporters.JUnitReportReporter -->
<testsuite hostname="Deepinders-MacBook-Air.local" failures="0" tests="2" name="testng.AnnotationsExample" time="0.026" errors="0" timestamp="20 June 2025 11:50:38 GMT" skipped="0">
  <testcase classname="testng.AnnotationsExample" name="test1" time="0.020"/>
  <testcase classname="testng.AnnotationsExample" name="test2" time="0.006"/>
</testsuite> <!-- testng.AnnotationsExample -->
