<?xml version="1.0" encoding="UTF-8"?>
<!-- Generated by org.testng.reporters.JUnitReportReporter -->
<testsuite hostname="Deepinders-MacBook-Air.local" failures="0" tests="1" name="swaglab_test.ProductsTest" time="16.885" errors="0" timestamp="21 Apr 2025 04:28:41 GMT" skipped="0">
  <testcase classname="swaglab_test.ProductsTest" name="AddtoCartTest" time="16.885"/>
</testsuite> <!-- swaglab_test.ProductsTest -->
