<?xml version="1.0" encoding="UTF-8"?>
<!-- Generated by org.testng.reporters.JUnitReportReporter -->
<testsuite hostname="Deepinders-MacBook-Air.local" failures="0" tests="5" name="swaglab_test.LoginTest" time="14.646" errors="0" timestamp="23 June 2025 10:43:58 GMT" skipped="0">
  <testcase classname="swaglab_test.LoginTest" name="LoginFailureTestFromExcel" time="2.385"/>
  <testcase classname="swaglab_test.LoginTest" name="LockedUserLoginfailureTest" time="2.828"/>
  <testcase classname="swaglab_test.LoginTest" name="LoginSuccessTest" time="4.506"/>
  <testcase classname="swaglab_test.LoginTest" name="LoginFailureTestFromProperties" time="2.510"/>
  <testcase classname="swaglab_test.LoginTest" name="LoginFailureTest" time="2.417"/>
</testsuite> <!-- swaglab_test.LoginTest -->
