<?xml version="1.0" encoding="UTF-8"?>
<!-- Generated by org.testng.reporters.JUnitReportReporter -->
<testsuite hostname="Deepinders-MacBook-Air.local" failures="0" tests="5" name="swaglab_test.LoginTest" time="15.455" errors="0" timestamp="22 June 2025 23:57:03 GMT" skipped="0">
  <testcase classname="swaglab_test.LoginTest" name="LoginFailureTestFromExcel" time="2.164"/>
  <testcase classname="swaglab_test.LoginTest" name="LockedUserLoginfailureTest" time="2.513"/>
  <testcase classname="swaglab_test.LoginTest" name="LoginSuccessTest" time="6.167"/>
  <testcase classname="swaglab_test.LoginTest" name="LoginFailureTestFromProperties" time="2.122"/>
  <testcase classname="swaglab_test.LoginTest" name="LoginFailureTest" time="2.489"/>
</testsuite> <!-- swaglab_test.LoginTest -->
