<?xml version="1.0" encoding="UTF-8"?>
<!-- Generated by org.testng.reporters.JUnitReportReporter -->
<testsuite hostname="Deepinders-MacBook-Air.local" failures="0" tests="5" name="swaglab_test.LoginTest" time="11.126" errors="0" timestamp="05 July 2025 01:24:40 GMT" skipped="0">
  <testcase classname="swaglab_test.LoginTest" name="LoginFailureTestFromExcel" time="2.174"/>
  <testcase classname="swaglab_test.LoginTest" name="LockedUserLoginfailureTest" time="2.900"/>
  <testcase classname="swaglab_test.LoginTest" name="LoginSuccessTest" time="2.005"/>
  <testcase classname="swaglab_test.LoginTest" name="LoginFailureTestFromProperties" time="1.981"/>
  <testcase classname="swaglab_test.LoginTest" name="LoginFailureTest" time="2.066"/>
</testsuite> <!-- swaglab_test.LoginTest -->
